This is pdfTeX, Version 3.1415926-1.40.10 (TeX Live 2009/Debian) (format=pdflatex 2010.12.4)  27 JAN 2011 07:30
entering extended mode
 restricted \write18 enabled.
 %&-line parsing enabled.
**hw1.tex
(./hw1.tex
LaTeX2e <2009/09/24>
Babel <v3.8l> and hyphenation patterns for english, usenglishmax, dumylang, noh
yphenation, loaded.
(/usr/share/texmf-texlive/tex/latex/base/article.cls
Document Class: article 2007/10/19 v1.4h Standard LaTeX document class
(/usr/share/texmf-texlive/tex/latex/base/size12.clo
File: size12.clo 2007/10/19 v1.4h Standard LaTeX file (size option)
)
\c@part=\count79
\c@section=\count80
\c@subsection=\count81
\c@subsubsection=\count82
\c@paragraph=\count83
\c@subparagraph=\count84
\c@figure=\count85
\c@table=\count86
\abovecaptionskip=\skip41
\belowcaptionskip=\skip42
\bibindent=\dimen102
)
(/usr/share/texmf-texlive/tex/latex/geometry/geometry.sty
Package: geometry 2008/12/21 v4.2 Page Geometry

(/usr/share/texmf-texlive/tex/latex/graphics/keyval.sty
Package: keyval 1999/03/16 v1.13 key=value parser (DPC)
\KV@toks@=\toks14
)
(/usr/share/texmf-texlive/tex/generic/oberdiek/ifpdf.sty
Package: ifpdf 2009/04/10 v2.0 Provides the ifpdf switch (HO)
Package ifpdf Info: pdfTeX in pdf mode detected.
)
(/usr/share/texmf-texlive/tex/generic/oberdiek/ifvtex.sty
Package: ifvtex 2008/11/04 v1.4 Switches for detecting VTeX and its modes (HO)
Package ifvtex Info: VTeX not detected.
)
\Gm@cnth=\count87
\Gm@cntv=\count88
\c@Gm@tempcnt=\count89
\Gm@bindingoffset=\dimen103
\Gm@wd@mp=\dimen104
\Gm@odd@mp=\dimen105
\Gm@even@mp=\dimen106
\Gm@dimlist=\toks15
)
(/usr/share/texmf-texlive/tex/latex/graphics/graphicx.sty
Package: graphicx 1999/02/16 v1.0f Enhanced LaTeX Graphics (DPC,SPQR)

(/usr/share/texmf-texlive/tex/latex/graphics/graphics.sty
Package: graphics 2009/02/05 v1.0o Standard LaTeX Graphics (DPC,SPQR)

(/usr/share/texmf-texlive/tex/latex/graphics/trig.sty
Package: trig 1999/03/16 v1.09 sin cos tan (DPC)
)
(/etc/texmf/tex/latex/config/graphics.cfg
File: graphics.cfg 2009/08/28 v1.8 graphics configuration of TeX Live
)
Package graphics Info: Driver file: pdftex.def on input line 91.

(/usr/share/texmf-texlive/tex/latex/pdftex-def/pdftex.def
File: pdftex.def 2010/03/12 v0.04p Graphics/color for pdfTeX
\Gread@gobject=\count90
))
\Gin@req@height=\dimen107
\Gin@req@width=\dimen108
)
(/usr/share/texmf-texlive/tex/latex/amsfonts/amssymb.sty
Package: amssymb 2009/06/22 v3.00

(/usr/share/texmf-texlive/tex/latex/amsfonts/amsfonts.sty
Package: amsfonts 2009/06/22 v3.00 Basic AMSFonts support
\@emptytoks=\toks16
\symAMSa=\mathgroup4
\symAMSb=\mathgroup5
LaTeX Font Info:    Overwriting math alphabet `\mathfrak' in version `bold'
(Font)                  U/euf/m/n --> U/euf/b/n on input line 96.
))
(/usr/share/texmf-texlive/tex/latex/amsmath/amsmath.sty
Package: amsmath 2000/07/18 v2.13 AMS math features
\@mathmargin=\skip43

For additional information on amsmath, use the `?' option.
(/usr/share/texmf-texlive/tex/latex/amsmath/amstext.sty
Package: amstext 2000/06/29 v2.01

(/usr/share/texmf-texlive/tex/latex/amsmath/amsgen.sty
File: amsgen.sty 1999/11/30 v2.0
\@emptytoks=\toks17
\ex@=\dimen109
))
(/usr/share/texmf-texlive/tex/latex/amsmath/amsbsy.sty
Package: amsbsy 1999/11/29 v1.2d
\pmbraise@=\dimen110
)
(/usr/share/texmf-texlive/tex/latex/amsmath/amsopn.sty
Package: amsopn 1999/12/14 v2.01 operator names
)
\inf@bad=\count91
LaTeX Info: Redefining \frac on input line 211.
\uproot@=\count92
\leftroot@=\count93
LaTeX Info: Redefining \overline on input line 307.
\classnum@=\count94
\DOTSCASE@=\count95
LaTeX Info: Redefining \ldots on input line 379.
LaTeX Info: Redefining \dots on input line 382.
LaTeX Info: Redefining \cdots on input line 467.
\Mathstrutbox@=\box26
\strutbox@=\box27
\big@size=\dimen111
LaTeX Font Info:    Redeclaring font encoding OML on input line 567.
LaTeX Font Info:    Redeclaring font encoding OMS on input line 568.
\macc@depth=\count96
\c@MaxMatrixCols=\count97
\dotsspace@=\muskip10
\c@parentequation=\count98
\dspbrk@lvl=\count99
\tag@help=\toks18
\row@=\count100
\column@=\count101
\maxfields@=\count102
\andhelp@=\toks19
\eqnshift@=\dimen112
\alignsep@=\dimen113
\tagshift@=\dimen114
\tagwidth@=\dimen115
\totwidth@=\dimen116
\lineht@=\dimen117
\@envbody=\toks20
\multlinegap=\skip44
\multlinetaggap=\skip45
\mathdisplay@stack=\toks21
LaTeX Info: Redefining \[ on input line 2666.
LaTeX Info: Redefining \] on input line 2667.
) (./hw1.aux)
\openout1 = `hw1.aux'.

LaTeX Font Info:    Checking defaults for OML/cmm/m/it on input line 19.
LaTeX Font Info:    ... okay on input line 19.
LaTeX Font Info:    Checking defaults for T1/cmr/m/n on input line 19.
LaTeX Font Info:    ... okay on input line 19.
LaTeX Font Info:    Checking defaults for OT1/cmr/m/n on input line 19.
LaTeX Font Info:    ... okay on input line 19.
LaTeX Font Info:    Checking defaults for OMS/cmsy/m/n on input line 19.
LaTeX Font Info:    ... okay on input line 19.
LaTeX Font Info:    Checking defaults for OMX/cmex/m/n on input line 19.
LaTeX Font Info:    ... okay on input line 19.
LaTeX Font Info:    Checking defaults for U/cmr/m/n on input line 19.
LaTeX Font Info:    ... okay on input line 19.

*geometry auto-detecting driver*
*geometry detected driver: pdftex*
-------------------- Geometry parameters
paper: letterpaper
landscape: --
twocolumn: --
twoside: --
asymmetric: --
h-parts: 92.14519pt, 0.7\paperwidth , 92.14519pt (default)
v-parts: 95.39737pt, 0.7\paperheight , 143.09605pt (default)
hmarginratio: 1:1
vmarginratio: 2:3
lines: --
heightrounded: --
bindingoffset: 0.0pt
truedimen: --
includehead: --
includefoot: --
includemp: --
driver: pdftex
-------------------- Page layout dimensions and switches
\paperwidth  614.295pt
\paperheight 794.96999pt
\textwidth  430.00462pt
\textheight 556.47656pt
\oddsidemargin  19.8752pt
\evensidemargin 19.8752pt
\topmargin  -13.87262pt
\headheight 12.0pt
\headsep    25.0pt
\footskip   30.0pt
\marginparwidth 44.0pt
\marginparsep   10.0pt
\columnsep  10.0pt
\skip\footins  10.8pt plus 4.0pt minus 2.0pt
\hoffset 0.0pt
\voffset 0.0pt
\mag 1000

(1in=72.27pt, 1cm=28.45pt)
-----------------------
(/usr/share/texmf-texlive/tex/context/base/supp-pdf.mkii
[Loading MPS to PDF converter (version 2006.09.02).]
\scratchcounter=\count103
\scratchdimen=\dimen118
\scratchbox=\box28
\nofMPsegments=\count104
\nofMParguments=\count105
\everyMPshowfont=\toks22
\MPscratchCnt=\count106
\MPscratchDim=\dimen119
\MPnumerator=\count107
\everyMPtoPDFconversion=\toks23
)
LaTeX Font Info:    Try loading font information for U+msa on input line 20.
 (/usr/share/texmf-texlive/tex/latex/amsfonts/umsa.fd
File: umsa.fd 2009/06/22 v3.00 AMS symbols A
)
LaTeX Font Info:    Try loading font information for U+msb on input line 20.

(/usr/share/texmf-texlive/tex/latex/amsfonts/umsb.fd
File: umsb.fd 2009/06/22 v3.00 AMS symbols B
) [1

{/var/lib/texmf/fonts/map/pdftex/updmap/pdftex.map}] [2] [3] [4]
Overfull \hbox (126.49052pt too wide) in paragraph at lines 621--621
[]    \OT1/cmtt/m/n/10 bool valEquals (ConstantFP *L, APFloat *R) {return L->ge
tValueAPF().compare(*R) == APFloat::cmpEqual;}[] 
 []

[5]
Overfull \hbox (21.49144pt too wide) in paragraph at lines 621--621
[]    \OT1/cmtt/m/n/10 // Replace all uses of an instruction with the value val
. Also delete instruction.[] 
 []


Overfull \hbox (79.24094pt too wide) in paragraph at lines 621--621
[]    \OT1/cmtt/m/n/10 // At the end, the iterator i points to the instruction 
just before the one that was removed.[] 
 []

[6]
Overfull \hbox (100.24075pt too wide) in paragraph at lines 621--621
[]    \OT1/cmtt/m/n/10 // For constant folding integer operators. Simply perfor
m the relevant operation on the operands.[] 
 []


Overfull \hbox (31.99135pt too wide) in paragraph at lines 621--621
[]    \OT1/cmtt/m/n/10 ConstantInt* evalBinaryIntOp(unsigned op, ConstantInt * 
left, ConstantInt * right) {[] 
 []

[7]
Overfull \hbox (89.74084pt too wide) in paragraph at lines 621--621
[]    \OT1/cmtt/m/n/10 // For constant folding float operators. Simply perform 
the relevant operation on the operands.[] 
 []


Overfull \hbox (16.24149pt too wide) in paragraph at lines 621--621
[]    \OT1/cmtt/m/n/10 ConstantFP* evalBinaryFloatOp(unsigned op, ConstantFP* l
eft, ConstantFP* right) {[] 
 []

[8]
Overfull \hbox (5.74158pt too wide) in paragraph at lines 621--621
[]    \OT1/cmtt/m/n/10 bool multiplyToShift(BasicBlock::iterator &i, ConstantIn
t * Op1, Value * Op2) {[] 
 []

[9]
Overfull \hbox (58.24112pt too wide) in paragraph at lines 621--621
[]            \OT1/cmtt/m/n/10 //If a constant is being stored into a variable,
 find the place where it is being[] 
 []


Overfull \hbox (58.24112pt too wide) in paragraph at lines 621--621
[]            \OT1/cmtt/m/n/10 //loaded into a register, and replace all uses o
f the register with the constant.[] 
 []


Overfull \hbox (42.49126pt too wide) in paragraph at lines 621--621
[]                \OT1/cmtt/m/n/10 for (Value::use_iterator u = ptr->use_begin(
); u != ptr->use_end(); ++u) {[] 
 []


Overfull \hbox (63.49107pt too wide) in paragraph at lines 621--621
[]              \OT1/cmtt/m/n/10 if (applyIdentity(i, commIdentities<ConstantIn
t,APInt>(L, R, &zeroAPI, NULL))) {[] 
 []


Overfull \hbox (68.74103pt too wide) in paragraph at lines 621--621
[]              \OT1/cmtt/m/n/10 if (applyIdentity(i, commIdentities<ConstantFP
,APFloat>(L, R, &zeroAPF, NULL))) {[] 
 []

[10]
Overfull \hbox (16.24149pt too wide) in paragraph at lines 621--621
[]                           \OT1/cmtt/m/n/10 constIdentity<ConstantInt,APInt>(
R, L, &zeroAPI, NULL))) {[] 
 []


Overfull \hbox (100.24075pt too wide) in paragraph at lines 621--621
[]              \OT1/cmtt/m/n/10 } else if (applyIdentity(i, constIdentity<Cons
tantFP,APFloat>(R, L, &zeroAPF, NULL))) {[] 
 []


Overfull \hbox (79.24094pt too wide) in paragraph at lines 621--621
[]              \OT1/cmtt/m/n/10 if (applyIdentity(i, commIdentities<ConstantIn
t,APInt>(L, R, &oneAPI, &zeroAPI))) {[] 
 []


Overfull \hbox (84.49089pt too wide) in paragraph at lines 621--621
[]              \OT1/cmtt/m/n/10 if (applyIdentity(i, commIdentities<ConstantFP
,APFloat>(L, R, &oneAPF, &zeroAPF))) {[] 
 []

[11]
Overfull \hbox (94.9908pt too wide) in paragraph at lines 621--621
[]              \OT1/cmtt/m/n/10 } else if (applyIdentity(i, constIdentity<Cons
tantInt,APInt>(L, R, NULL, &zeroAPI))) {[] 
 []


Overfull \hbox (89.74084pt too wide) in paragraph at lines 621--621
[]              \OT1/cmtt/m/n/10 } else if (applyIdentity(i, constIdentity<Cons
tantInt,APInt>(R, L, &oneAPI, NULL))) {[] 
 []


Overfull \hbox (100.24075pt too wide) in paragraph at lines 621--621
[]              \OT1/cmtt/m/n/10 } else if (applyIdentity(i, constIdentity<Cons
tantFP,APFloat>(L, R, NULL, &zeroAPF))) {[] 
 []


Overfull \hbox (94.9908pt too wide) in paragraph at lines 621--621
[]              \OT1/cmtt/m/n/10 } else if (applyIdentity(i, constIdentity<Cons
tantFP,APFloat>(R, L, &oneAPF, NULL))) {[] 
 []


Overfull \hbox (79.24094pt too wide) in paragraph at lines 621--621
[]                                                                           \O
T1/cmtt/m/n/10 &oneAPI, &zeroAPI))) {[] 
 []


Overfull \hbox (68.74103pt too wide) in paragraph at lines 621--621
[]                                                                         \OT1
/cmtt/m/n/10 &oneAPI, &zeroAPI))) {[] 
 []

[12]
Overfull \hbox (84.49089pt too wide) in paragraph at lines 621--621
[]                                                                            \
OT1/cmtt/m/n/10 &oneAPF, &zeroAPF))) {[] 
 []


Overfull \hbox (73.99098pt too wide) in paragraph at lines 621--621
[]                                                                          \OT
1/cmtt/m/n/10 &oneAPF, &zeroAPF))) {[] 
 []


Overfull \hbox (84.49089pt too wide) in paragraph at lines 621--621
[]              \OT1/cmtt/m/n/10 if (applyIdentity(i, commIdentities<ConstantIn
t,APInt>(L, R, &allOnes, &zeroAPI))) {[] 
 []


Overfull \hbox (84.49089pt too wide) in paragraph at lines 621--621
[]              \OT1/cmtt/m/n/10 if (applyIdentity(i, commIdentities<ConstantIn
t,APInt>(L, R, &zeroAPI, &allOnes))) {[] 
 []

[13]
Overfull \hbox (63.49107pt too wide) in paragraph at lines 621--621
[]              \OT1/cmtt/m/n/10 if (applyIdentity(i, commIdentities<ConstantIn
t,APInt>(L, R, &zeroAPI, NULL))) {[] 
 []

[14] [15] (./hw1.aux) ) 
Here is how much of TeX's memory you used:
 2187 strings out of 495061
 26791 string characters out of 1182621
 91838 words of memory out of 3000000
 5366 multiletter control sequences out of 15000+50000
 13080 words of font info for 51 fonts, out of 3000000 for 9000
 28 hyphenation exceptions out of 8191
 27i,6n,24p,509b,254s stack positions out of 5000i,500n,10000p,200000b,50000s
</usr/share/texmf-texlive/fonts/type1/public/amsfonts/cm
/cmbx12.pfb></usr/share/texmf-texlive/fonts/type1/public/amsfonts/cm/cmmi12.pfb
></usr/share/texmf-texlive/fonts/type1/public/amsfonts/cm/cmr10.pfb></usr/share
/texmf-texlive/fonts/type1/public/amsfonts/cm/cmr12.pfb></usr/share/texmf-texli
ve/fonts/type1/public/amsfonts/cm/cmr17.pfb></usr/share/texmf-texlive/fonts/typ
e1/public/amsfonts/cm/cmsy10.pfb></usr/share/texmf-texlive/fonts/type1/public/a
msfonts/cm/cmti12.pfb></usr/share/texmf-texlive/fonts/type1/public/amsfonts/cm/
cmtt10.pfb></usr/share/texmf-texlive/fonts/type1/public/amsfonts/cm/cmtt12.pfb>

Output written on hw1.pdf (15 pages, 123709 bytes).
PDF statistics:
 87 PDF objects out of 1000 (max. 8388607)
 0 named destinations out of 1000 (max. 500000)
 1 words of extra memory for PDF output out of 10000 (max. 10000000)

